<?xml version="1.0" encoding="UTF-8"?>
<!-- Generated by org.testng.reporters.JUnitXMLReporter -->
<testsuite ignored="0" hostname="SONPARI" failures="0" tests="2" name="Default test" time="23.264" errors="0" timestamp="2023-02-17T19:22:03 IST">
  <testcase classname="POM_DDF_TestNG_BaseClass_UtilityClass.Insurance_TestNG_TestClass" name="VerifyEmailAddress" time="1.726"/>
  <testcase classname="POM_DDF_TestNG_BaseClass_UtilityClass.Insurance_TestNG_TestClass" name="VerifyTitle" time="0.168"/>
</testsuite> <!-- Default test -->
