<?xml version="1.0" encoding="UTF-8"?>
<!-- Generated by org.testng.reporters.JUnitXMLReporter -->
<testsuite ignored="1" hostname="SONPARI" failures="0" tests="3" name="Test" time="0.091" errors="0" timestamp="2023-02-13T19:37:51 IST">
  <testcase classname="TestNG.Demo5" name="TC1" time="0.016"/>
  <testcase classname="TestNG.Demo5" name="TC2" time="0.002"/>
  <testcase classname="TestNG.Demo5" name="TC3" time="0.003"/>
  <testcase classname="TestNG.Demo5" name="TC4" time="0.0">
    <ignored/>
  </testcase> <!-- TC4 -->
</testsuite> <!-- Test -->
