<?xml version="1.0" encoding="UTF-8"?>
<testng-results ignored="0" total="2" passed="2" failed="0" skipped="0">
  <reporter-output>
  </reporter-output>
  <suite started-at="2023-02-17T19:21:40 IST" name="Default suite" finished-at="2023-02-17T19:22:03 IST" duration-ms="23264">
    <groups>
    </groups>
    <test started-at="2023-02-17T19:21:40 IST" name="Default test" finished-at="2023-02-17T19:22:03 IST" duration-ms="23264">
      <class name="POM_DDF_TestNG_BaseClass_UtilityClass.Insurance_TestNG_TestClass">
        <test-method is-config="true" signature="OpenBrowser()[pri:0, instance:POM_DDF_TestNG_BaseClass_UtilityClass.Insurance_TestNG_TestClass@7e07db1f]" started-at="2023-02-17T19:21:40 IST" name="OpenBrowser" finished-at="2023-02-17T19:21:51 IST" duration-ms="10787" status="PASS">
          <reporter-output>
          </reporter-output>
        </test-method> <!-- OpenBrowser -->
        <test-method is-config="true" signature="loginToApp()[pri:0, instance:POM_DDF_TestNG_BaseClass_UtilityClass.Insurance_TestNG_TestClass@7e07db1f]" started-at="2023-02-17T19:21:51 IST" name="loginToApp" finished-at="2023-02-17T19:21:54 IST" duration-ms="3558" status="PASS">
          <reporter-output>
          </reporter-output>
        </test-method> <!-- loginToApp -->
        <test-method signature="VerifyEmailAddress()[pri:1, instance:POM_DDF_TestNG_BaseClass_UtilityClass.Insurance_TestNG_TestClass@7e07db1f]" started-at="2023-02-17T19:21:54 IST" name="VerifyEmailAddress" finished-at="2023-02-17T19:21:56 IST" duration-ms="1726" status="PASS">
          <reporter-output>
          </reporter-output>
        </test-method> <!-- VerifyEmailAddress -->
        <test-method is-config="true" signature="LogoutFromApp(org.testng.ITestResult)[pri:0, instance:POM_DDF_TestNG_BaseClass_UtilityClass.Insurance_TestNG_TestClass@7e07db1f]" started-at="2023-02-17T19:21:56 IST" name="LogoutFromApp" finished-at="2023-02-17T19:21:58 IST" duration-ms="2246" status="PASS">
          <params>
            <param index="0">
              <value>
                <![CDATA[[TestResult name=VerifyEmailAddress status=SUCCESS method=Insurance_TestNG_TestClass.VerifyEmailAddress()[pri:1, instance:POM_DDF_TestNG_BaseClass_UtilityClass.Insurance_TestNG_TestClass@7e07db1f] output={null}]]]>
              </value>
            </param>
          </params>
          <reporter-output>
          </reporter-output>
        </test-method> <!-- LogoutFromApp -->
        <test-method is-config="true" signature="loginToApp()[pri:0, instance:POM_DDF_TestNG_BaseClass_UtilityClass.Insurance_TestNG_TestClass@7e07db1f]" started-at="2023-02-17T19:21:58 IST" name="loginToApp" finished-at="2023-02-17T19:22:01 IST" duration-ms="2755" status="PASS">
          <reporter-output>
          </reporter-output>
        </test-method> <!-- loginToApp -->
        <test-method signature="VerifyTitle()[pri:2, instance:POM_DDF_TestNG_BaseClass_UtilityClass.Insurance_TestNG_TestClass@7e07db1f]" started-at="2023-02-17T19:22:01 IST" name="VerifyTitle" finished-at="2023-02-17T19:22:01 IST" duration-ms="168" status="PASS">
          <reporter-output>
          </reporter-output>
        </test-method> <!-- VerifyTitle -->
        <test-method is-config="true" signature="LogoutFromApp(org.testng.ITestResult)[pri:0, instance:POM_DDF_TestNG_BaseClass_UtilityClass.Insurance_TestNG_TestClass@7e07db1f]" started-at="2023-02-17T19:22:01 IST" name="LogoutFromApp" finished-at="2023-02-17T19:22:03 IST" duration-ms="1709" status="PASS">
          <params>
            <param index="0">
              <value>
                <![CDATA[[TestResult name=VerifyTitle status=SUCCESS method=Insurance_TestNG_TestClass.VerifyTitle()[pri:2, instance:POM_DDF_TestNG_BaseClass_UtilityClass.Insurance_TestNG_TestClass@7e07db1f] output={null}]]]>
              </value>
            </param>
          </params>
          <reporter-output>
          </reporter-output>
        </test-method> <!-- LogoutFromApp -->
        <test-method is-config="true" signature="CloseBrowser()[pri:0, instance:POM_DDF_TestNG_BaseClass_UtilityClass.Insurance_TestNG_TestClass@7e07db1f]" started-at="2023-02-17T19:22:03 IST" name="CloseBrowser" finished-at="2023-02-17T19:22:03 IST" duration-ms="250" status="PASS">
          <reporter-output>
          </reporter-output>
        </test-method> <!-- CloseBrowser -->
      </class> <!-- POM_DDF_TestNG_BaseClass_UtilityClass.Insurance_TestNG_TestClass -->
    </test> <!-- Default test -->
  </suite> <!-- Default suite -->
</testng-results>
